# JRE version: OpenJDK Runtime Environment Temurin-21.0.7+6 (21.0.7+6) (build 21.0.7+6-LTS)
# Java VM: OpenJDK 64-Bit Server VM Temurin-21.0.7+6 (21.0.7+6-LTS, mixed mode, sharing, tiered, compressed oops, compressed class ptrs, parallel gc, windows-amd64)
GC Precious Log:
 CardTable entry size: 512
 CPUs: 4 total, 4 available
 Memory: 7981M
 Large Page Support: Disabled
 NUMA Support: Disabled
 Compressed Oops: Enabled (32-bit)
 Alignments: Space 512K, Generation 512K, Heap 2M
 Heap Min Capacity: 100M
 Heap Initial Capacity: 100M
 Heap Max Capacity: 2G
 Pre-touch: Disabled
 Parallel Workers: 4
Heap:
 PSYoungGen      total 3072K, used 2735K [0x00000000d5580000, 0x00000000d5a80000, 0x0000000100000000)
  eden space 2560K, 93% used [0x00000000d5580000,0x00000000d57d3ce8,0x00000000d5800000)
  from space 512K, 68% used [0x00000000d5880000,0x00000000d58d8000,0x00000000d5900000)
  to   space 512K, 0% used [0x00000000d5a00000,0x00000000d5a00000,0x00000000d5a80000)
 ParOldGen       total 926208K, used 326019K [0x0000000080000000, 0x00000000b8880000, 0x00000000d5580000)
  object space 926208K, 35% used [0x0000000080000000,0x0000000093e60e98,0x00000000b8880000)
 Metaspace       used 78166K, committed 79872K, reserved 1179648K
  class space    used 7848K, committed 8576K, reserved 1048576K
GC Heap History (20 events):
Event: 180.640 GC heap before
{Heap before GC invocations=1814 (full 4):
 PSYoungGen      total 3072K, used 2976K [0x00000000d5580000, 0x00000000d5b00000, 0x0000000100000000)
  eden space 2560K, 100% used [0x00000000d5580000,0x00000000d5800000,0x00000000d5800000)
  from space 512K, 81% used [0x00000000d5880000,0x00000000d58e8000,0x00000000d5900000)
  to   space 512K, 0% used [0x00000000d5a80000,0x00000000d5a80000,0x00000000d5b00000)
 ParOldGen       total 926208K, used 322167K [0x0000000080000000, 0x00000000b8880000, 0x00000000d5580000)
  object space 926208K, 34% used [0x0000000080000000,0x0000000093a9dff0,0x00000000b8880000)
 Metaspace       used 77942K, committed 79616K, reserved 1179648K
  class space    used 7838K, committed 8576K, reserved 1048576K
}
Event: 180.642 GC heap after
{Heap after GC invocations=1814 (full 4):
 PSYoungGen      total 3072K, used 384K [0x00000000d5580000, 0x00000000d5b00000, 0x0000000100000000)
  eden space 2560K, 0% used [0x00000000d5580000,0x00000000d5580000,0x00000000d5800000)
  from space 512K, 75% used [0x00000000d5a80000,0x00000000d5ae0000,0x00000000d5b00000)
  to   space 512K, 0% used [0x00000000d5880000,0x00000000d5880000,0x00000000d5900000)
 ParOldGen       total 926208K, used 322495K [0x0000000080000000, 0x00000000b8880000, 0x00000000d5580000)
  object space 926208K, 34% used [0x0000000080000000,0x0000000093aefee0,0x00000000b8880000)
 Metaspace       used 77942K, committed 79616K, reserved 1179648K
  class space    used 7838K, committed 8576K, reserved 1048576K
}
Event: 180.674 GC heap before
{Heap before GC invocations=1815 (full 4):
 PSYoungGen      total 3072K, used 2934K [0x00000000d5580000, 0x00000000d5b00000, 0x0000000100000000)
  eden space 2560K, 99% used [0x00000000d5580000,0x00000000d57fd830,0x00000000d5800000)
  from space 512K, 75% used [0x00000000d5a80000,0x00000000d5ae0000,0x00000000d5b00000)
  to   space 512K, 0% used [0x00000000d5880000,0x00000000d5880000,0x00000000d5900000)
 ParOldGen       total 926208K, used 322495K [0x0000000080000000, 0x00000000b8880000, 0x00000000d5580000)
  object space 926208K, 34% used [0x0000000080000000,0x0000000093aefee0,0x00000000b8880000)
 Metaspace       used 77984K, committed 79616K, reserved 1179648K
  class space    used 7843K, committed 8576K, reserved 1048576K
}
Event: 180.677 GC heap after
{Heap after GC invocations=1815 (full 4):
 PSYoungGen      total 3072K, used 480K [0x00000000d5580000, 0x00000000d5b00000, 0x0000000100000000)
  eden space 2560K, 0% used [0x00000000d5580000,0x00000000d5580000,0x00000000d5800000)
  from space 512K, 93% used [0x00000000d5880000,0x00000000d58f8000,0x00000000d5900000)
  to   space 512K, 0% used [0x00000000d5a80000,0x00000000d5a80000,0x00000000d5b00000)
 ParOldGen       total 926208K, used 322807K [0x0000000080000000, 0x00000000b8880000, 0x00000000d5580000)
  object space 926208K, 34% used [0x0000000080000000,0x0000000093b3dee0,0x00000000b8880000)
 Metaspace       used 77984K, committed 79616K, reserved 1179648K
  class space    used 7843K, committed 8576K, reserved 1048576K
}
Event: 180.701 GC heap before
{Heap before GC invocations=1816 (full 4):
 PSYoungGen      total 3072K, used 3040K [0x00000000d5580000, 0x00000000d5b00000, 0x0000000100000000)
  eden space 2560K, 100% used [0x00000000d5580000,0x00000000d5800000,0x00000000d5800000)
  from space 512K, 93% used [0x00000000d5880000,0x00000000d58f8000,0x00000000d5900000)
  to   space 512K, 0% used [0x00000000d5a80000,0x00000000d5a80000,0x00000000d5b00000)
 ParOldGen       total 926208K, used 322807K [0x0000000080000000, 0x00000000b8880000, 0x00000000d5580000)
  object space 926208K, 34% used [0x0000000080000000,0x0000000093b3dee0,0x00000000b8880000)
 Metaspace       used 78091K, committed 79808K, reserved 1179648K
  class space    used 7845K, committed 8576K, reserved 1048576K
}
Event: 180.703 GC heap after
{Heap after GC invocations=1816 (full 4):
 PSYoungGen      total 3072K, used 471K [0x00000000d5580000, 0x00000000d5b00000, 0x0000000100000000)
  eden space 2560K, 0% used [0x00000000d5580000,0x00000000d5580000,0x00000000d5800000)
  from space 512K, 92% used [0x00000000d5a80000,0x00000000d5af5d88,0x00000000d5b00000)
  to   space 512K, 0% used [0x00000000d5880000,0x00000000d5880000,0x00000000d5900000)
 ParOldGen       total 926208K, used 323207K [0x0000000080000000, 0x00000000b8880000, 0x00000000d5580000)
  object space 926208K, 34% used [0x0000000080000000,0x0000000093ba1dd8,0x00000000b8880000)
 Metaspace       used 78091K, committed 79808K, reserved 1179648K
  class space    used 7845K, committed 8576K, reserved 1048576K
}
Event: 180.757 GC heap before
{Heap before GC invocations=1817 (full 4):
 PSYoungGen      total 3072K, used 3031K [0x00000000d5580000, 0x00000000d5b00000, 0x0000000100000000)
  eden space 2560K, 100% used [0x00000000d5580000,0x00000000d5800000,0x00000000d5800000)
  from space 512K, 92% used [0x00000000d5a80000,0x00000000d5af5d88,0x00000000d5b00000)
  to   space 512K, 0% used [0x00000000d5880000,0x00000000d5880000,0x00000000d5900000)
 ParOldGen       total 926208K, used 323207K [0x0000000080000000, 0x00000000b8880000, 0x00000000d5580000)
  object space 926208K, 34% used [0x0000000080000000,0x0000000093ba1dd8,0x00000000b8880000)
 Metaspace       used 78128K, committed 79808K, reserved 1179648K
  class space    used 7847K, committed 8576K, reserved 1048576K
}
Event: 180.759 GC heap after
{Heap after GC invocations=1817 (full 4):
 PSYoungGen      total 3072K, used 224K [0x00000000d5580000, 0x00000000d5b00000, 0x0000000100000000)
  eden space 2560K, 0% used [0x00000000d5580000,0x00000000d5580000,0x00000000d5800000)
  from space 512K, 43% used [0x00000000d5880000,0x00000000d58b8000,0x00000000d5900000)
  to   space 512K, 0% used [0x00000000d5a80000,0x00000000d5a80000,0x00000000d5b00000)
 ParOldGen       total 926208K, used 323638K [0x0000000080000000, 0x00000000b8880000, 0x00000000d5580000)
  object space 926208K, 34% used [0x0000000080000000,0x0000000093c0db60,0x00000000b8880000)
 Metaspace       used 78128K, committed 79808K, reserved 1179648K
  class space    used 7847K, committed 8576K, reserved 1048576K
}
Event: 180.783 GC heap before
{Heap before GC invocations=1818 (full 4):
 PSYoungGen      total 3072K, used 2771K [0x00000000d5580000, 0x00000000d5b00000, 0x0000000100000000)
  eden space 2560K, 99% used [0x00000000d5580000,0x00000000d57fce60,0x00000000d5800000)
  from space 512K, 43% used [0x00000000d5880000,0x00000000d58b8000,0x00000000d5900000)
  to   space 512K, 0% used [0x00000000d5a80000,0x00000000d5a80000,0x00000000d5b00000)
 ParOldGen       total 926208K, used 323638K [0x0000000080000000, 0x00000000b8880000, 0x00000000d5580000)
  object space 926208K, 34% used [0x0000000080000000,0x0000000093c0db60,0x00000000b8880000)
 Metaspace       used 78139K, committed 79808K, reserved 1179648K
  class space    used 7847K, committed 8576K, reserved 1048576K
}
Event: 180.785 GC heap after
{Heap after GC invocations=1818 (full 4):
 PSYoungGen      total 3072K, used 256K [0x00000000d5580000, 0x00000000d5b00000, 0x0000000100000000)
  eden space 2560K, 0% used [0x00000000d5580000,0x00000000d5580000,0x00000000d5800000)
  from space 512K, 50% used [0x00000000d5a80000,0x00000000d5ac0020,0x00000000d5b00000)
  to   space 512K, 0% used [0x00000000d5880000,0x00000000d5880000,0x00000000d5900000)
 ParOldGen       total 926208K, used 323846K [0x0000000080000000, 0x00000000b8880000, 0x00000000d5580000)
  object space 926208K, 34% used [0x0000000080000000,0x0000000093c41b60,0x00000000b8880000)
 Metaspace       used 78139K, committed 79808K, reserved 1179648K
  class space    used 7847K, committed 8576K, reserved 1048576K
}
Event: 180.818 GC heap before
{Heap before GC invocations=1819 (full 4):
 PSYoungGen      total 3072K, used 2816K [0x00000000d5580000, 0x00000000d5b00000, 0x0000000100000000)
  eden space 2560K, 100% used [0x00000000d5580000,0x00000000d5800000,0x00000000d5800000)
  from space 512K, 50% used [0x00000000d5a80000,0x00000000d5ac0020,0x00000000d5b00000)
  to   space 512K, 0% used [0x00000000d5880000,0x00000000d5880000,0x00000000d5900000)
 ParOldGen       total 926208K, used 323846K [0x0000000080000000, 0x00000000b8880000, 0x00000000d5580000)
  object space 926208K, 34% used [0x0000000080000000,0x0000000093c41b60,0x00000000b8880000)
 Metaspace       used 78143K, committed 79808K, reserved 1179648K
  class space    used 7848K, committed 8576K, reserved 1048576K
}
Event: 180.820 GC heap after
{Heap after GC invocations=1819 (full 4):
 PSYoungGen      total 3072K, used 352K [0x00000000d5580000, 0x00000000d5b00000, 0x0000000100000000)
  eden space 2560K, 0% used [0x00000000d5580000,0x00000000d5580000,0x00000000d5800000)
  from space 512K, 68% used [0x00000000d5880000,0x00000000d58d8000,0x00000000d5900000)
  to   space 512K, 0% used [0x00000000d5a80000,0x00000000d5a80000,0x00000000d5b00000)
 ParOldGen       total 926208K, used 324078K [0x0000000080000000, 0x00000000b8880000, 0x00000000d5580000)
  object space 926208K, 34% used [0x0000000080000000,0x0000000093c7bb80,0x00000000b8880000)
 Metaspace       used 78143K, committed 79808K, reserved 1179648K
  class space    used 7848K, committed 8576K, reserved 1048576K
}
Event: 180.843 GC heap before
{Heap before GC invocations=1820 (full 4):
 PSYoungGen      total 3072K, used 2912K [0x00000000d5580000, 0x00000000d5b00000, 0x0000000100000000)
  eden space 2560K, 100% used [0x00000000d5580000,0x00000000d5800000,0x00000000d5800000)
  from space 512K, 68% used [0x00000000d5880000,0x00000000d58d8000,0x00000000d5900000)
  to   space 512K, 0% used [0x00000000d5a80000,0x00000000d5a80000,0x00000000d5b00000)
 ParOldGen       total 926208K, used 324078K [0x0000000080000000, 0x00000000b8880000, 0x00000000d5580000)
  object space 926208K, 34% used [0x0000000080000000,0x0000000093c7bb80,0x00000000b8880000)
 Metaspace       used 78145K, committed 79808K, reserved 1179648K
  class space    used 7848K, committed 8576K, reserved 1048576K
}
Event: 180.846 GC heap after
{Heap after GC invocations=1820 (full 4):
 PSYoungGen      total 3072K, used 438K [0x00000000d5580000, 0x00000000d5b00000, 0x0000000100000000)
  eden space 2560K, 0% used [0x00000000d5580000,0x00000000d5580000,0x00000000d5800000)
  from space 512K, 85% used [0x00000000d5a80000,0x00000000d5aed840,0x00000000d5b00000)
  to   space 512K, 0% used [0x00000000d5880000,0x00000000d5880000,0x00000000d5900000)
 ParOldGen       total 926208K, used 324382K [0x0000000080000000, 0x00000000b8880000, 0x00000000d5580000)
  object space 926208K, 35% used [0x0000000080000000,0x0000000093cc7b80,0x00000000b8880000)
 Metaspace       used 78145K, committed 79808K, reserved 1179648K
  class space    used 7848K, committed 8576K, reserved 1048576K
}
Event: 180.857 GC heap before
{Heap before GC invocations=1821 (full 4):
 PSYoungGen      total 3072K, used 2998K [0x00000000d5580000, 0x00000000d5b00000, 0x0000000100000000)
  eden space 2560K, 100% used [0x00000000d5580000,0x00000000d5800000,0x00000000d5800000)
  from space 512K, 85% used [0x00000000d5a80000,0x00000000d5aed840,0x00000000d5b00000)
  to   space 512K, 0% used [0x00000000d5880000,0x00000000d5880000,0x00000000d5900000)
 ParOldGen       total 926208K, used 324385K [0x0000000080000000, 0x00000000b8880000, 0x00000000d5580000)
  object space 926208K, 35% used [0x0000000080000000,0x0000000093cc8730,0x00000000b8880000)
 Metaspace       used 78146K, committed 79808K, reserved 1179648K
  class space    used 7848K, committed 8576K, reserved 1048576K
}
Event: 180.859 GC heap after
{Heap after GC invocations=1821 (full 4):
 PSYoungGen      total 3072K, used 495K [0x00000000d5580000, 0x00000000d5b00000, 0x0000000100000000)
  eden space 2560K, 0% used [0x00000000d5580000,0x00000000d5580000,0x00000000d5800000)
  from space 512K, 96% used [0x00000000d5880000,0x00000000d58fbc98,0x00000000d5900000)
  to   space 1024K, 0% used [0x00000000d5a00000,0x00000000d5a00000,0x00000000d5b00000)
 ParOldGen       total 926208K, used 324737K [0x0000000080000000, 0x00000000b8880000, 0x00000000d5580000)
  object space 926208K, 35% used [0x0000000080000000,0x0000000093d20740,0x00000000b8880000)
 Metaspace       used 78146K, committed 79808K, reserved 1179648K
  class space    used 7848K, committed 8576K, reserved 1048576K
}
Event: 180.866 GC heap before
{Heap before GC invocations=1822 (full 4):
 PSYoungGen      total 3072K, used 3055K [0x00000000d5580000, 0x00000000d5b00000, 0x0000000100000000)
  eden space 2560K, 100% used [0x00000000d5580000,0x00000000d5800000,0x00000000d5800000)
  from space 512K, 96% used [0x00000000d5880000,0x00000000d58fbc98,0x00000000d5900000)
  to   space 1024K, 0% used [0x00000000d5a00000,0x00000000d5a00000,0x00000000d5b00000)
 ParOldGen       total 926208K, used 324737K [0x0000000080000000, 0x00000000b8880000, 0x00000000d5580000)
  object space 926208K, 35% used [0x0000000080000000,0x0000000093d20740,0x00000000b8880000)
 Metaspace       used 78146K, committed 79808K, reserved 1179648K
  class space    used 7848K, committed 8576K, reserved 1048576K
}
Event: 180.869 GC heap after
{Heap after GC invocations=1822 (full 4):
 PSYoungGen      total 3072K, used 256K [0x00000000d5580000, 0x00000000d5a80000, 0x0000000100000000)
  eden space 2560K, 0% used [0x00000000d5580000,0x00000000d5580000,0x00000000d5800000)
  from space 512K, 50% used [0x00000000d5a00000,0x00000000d5a40000,0x00000000d5a80000)
  to   space 512K, 0% used [0x00000000d5880000,0x00000000d5880000,0x00000000d5900000)
 ParOldGen       total 926208K, used 325171K [0x0000000080000000, 0x00000000b8880000, 0x00000000d5580000)
  object space 926208K, 35% used [0x0000000080000000,0x0000000093d8ce78,0x00000000b8880000)
 Metaspace       used 78146K, committed 79808K, reserved 1179648K
  class space    used 7848K, committed 8576K, reserved 1048576K
}
Event: 180.889 GC heap before
{Heap before GC invocations=1823 (full 4):
 PSYoungGen      total 3072K, used 2816K [0x00000000d5580000, 0x00000000d5a80000, 0x0000000100000000)
  eden space 2560K, 100% used [0x00000000d5580000,0x00000000d5800000,0x00000000d5800000)
  from space 512K, 50% used [0x00000000d5a00000,0x00000000d5a40000,0x00000000d5a80000)
  to   space 512K, 0% used [0x00000000d5880000,0x00000000d5880000,0x00000000d5900000)
 ParOldGen       total 926208K, used 325171K [0x0000000080000000, 0x00000000b8880000, 0x00000000d5580000)
  object space 926208K, 35% used [0x0000000080000000,0x0000000093d8ce78,0x00000000b8880000)
 Metaspace       used 78150K, committed 79808K, reserved 1179648K
  class space    used 7848K, committed 8576K, reserved 1048576K
}
Event: 180.892 GC heap after
{Heap after GC invocations=1823 (full 4):
 PSYoungGen      total 3072K, used 384K [0x00000000d5580000, 0x00000000d5a80000, 0x0000000100000000)
  eden space 2560K, 0% used [0x00000000d5580000,0x00000000d5580000,0x00000000d5800000)
  from space 512K, 75% used [0x00000000d5880000,0x00000000d58e0000,0x00000000d5900000)
  to   space 512K, 0% used [0x00000000d5a00000,0x00000000d5a00000,0x00000000d5a80000)
 ParOldGen       total 926208K, used 325355K [0x0000000080000000, 0x00000000b8880000, 0x00000000d5580000)
  object space 926208K, 35% used [0x0000000080000000,0x0000000093dbae78,0x00000000b8880000)
 Metaspace       used 78150K, committed 79808K, reserved 1179648K
  class space    used 7848K, committed 8576K, reserved 1048576K
}

